25/10/2019 04:16:13 PM :: INFO ::  L2_loss_coeff: 0
25/10/2019 04:16:13 PM :: INFO ::  affine_reg: 0.1
25/10/2019 04:16:13 PM :: INFO ::  all_label: False
25/10/2019 04:16:13 PM :: INFO ::  aseg: False
25/10/2019 04:16:13 PM :: INFO ::  batch_size: 4
25/10/2019 04:16:13 PM :: INFO ::  channel_division: 4
25/10/2019 04:16:13 PM :: INFO ::  create_new_split: False
25/10/2019 04:16:13 PM :: INFO ::  crop_size: 240
25/10/2019 04:16:13 PM :: INFO ::  deform_reg: 1e-11
25/10/2019 04:16:13 PM :: INFO ::  deformed_mask_loss_weights: 1
25/10/2019 04:16:13 PM :: INFO ::  dice_loss_coeff: 0
25/10/2019 04:16:13 PM :: INFO ::  early_stopping: False
25/10/2019 04:16:13 PM :: INFO ::  epochs: 40
25/10/2019 04:16:13 PM :: INFO ::  folder: 'oasis/'
25/10/2019 04:16:13 PM :: INFO ::  freeze_affine: True
25/10/2019 04:16:13 PM :: INFO ::  freeze_non_rigid: True
25/10/2019 04:16:13 PM :: INFO ::  gpu: 0
25/10/2019 04:16:13 PM :: INFO ::  lcc_loss_coeff: 1
25/10/2019 04:16:13 PM :: INFO ::  load_model: False
25/10/2019 04:16:13 PM :: INFO ::  load_name: None
25/10/2019 04:16:13 PM :: INFO ::  lr: 0.001
25/10/2019 04:16:13 PM :: INFO ::  lr_decrease: True
25/10/2019 04:16:13 PM :: INFO ::  lr_drop: 0.5
25/10/2019 04:16:13 PM :: INFO ::  lr_epochs_drop: 20
25/10/2019 04:16:13 PM :: INFO ::  model_path: '/home/testienne/Thesis/Python/coupling_registration_segmentation/models/'
25/10/2019 04:16:13 PM :: INFO ::  mse_loss_coeff: 1
25/10/2019 04:16:13 PM :: INFO ::  nb_gpu: 4
25/10/2019 04:16:13 PM :: INFO ::  parallel: True
25/10/2019 04:16:13 PM :: INFO ::  pool_blocks: 2
25/10/2019 04:16:13 PM :: INFO ::  save: True
25/10/2019 04:16:13 PM :: INFO ::  seg_loss_weights: 1
25/10/2019 04:16:13 PM :: INFO ::  segmentation: True
25/10/2019 04:16:13 PM :: INFO ::  session_name: ''
25/10/2019 04:16:13 PM :: INFO ::  tensorboard: True
25/10/2019 04:16:13 PM :: INFO ::  translation: True
25/10/2019 04:16:13 PM :: INFO ::  use_affine: True
25/10/2019 04:16:13 PM :: INFO ::  use_mask: False
25/10/2019 04:16:13 PM :: INFO ::  w2: 1
25/10/2019 04:16:13 PM :: INFO ::  workers: 4
